Wed 03 Dec 2025 04:49:31 PM EST: Auto-upload service started
Wed 03 Dec 2025 04:50:05 PM EST: Change detected: CREATE,ISDIR -> INTROS
Wed 03 Dec 2025 04:50:07 PM EST: Change detected: CREATE -> 30.png
Wed 03 Dec 2025 04:50:43 PM EST: Change detected: MODIFY -> auto-upload.log
Wed 03 Dec 2025 04:50:44 PM EST: Change detected: MODIFY -> 30.png
Wed 03 Dec 2025 04:50:46 PM EST: Change detected: CREATE -> index.lock
Wed 03 Dec 2025 04:50:47 PM EST: Change detected: CREATE -> 29.png
Wed 03 Dec 2025 04:50:48 PM EST: Change detected: MODIFY -> 29.png
Wed 03 Dec 2025 04:50:49 PM EST: Change detected: CREATE -> 28.png
Wed 03 Dec 2025 04:50:50 PM EST: Change detected: CREATE -> tmp_obj_bPYd2Y
Wed 03 Dec 2025 04:50:52 PM EST: Change detected: MODIFY -> tmp_obj_bPYd2Y
Wed 03 Dec 2025 04:50:53 PM EST: Change detected: CREATE -> 9e98765b15a8b6ff4cb105d2086150c28c2a21
Wed 03 Dec 2025 04:50:54 PM EST: Change detected: DELETE -> tmp_obj_bPYd2Y
Wed 03 Dec 2025 04:50:55 PM EST: Change detected: CREATE,ISDIR -> da
Wed 03 Dec 2025 04:50:57 PM EST: Change detected: MODIFY -> tmp_obj_6kmpi9
Wed 03 Dec 2025 04:50:58 PM EST: Change detected: CREATE -> e8e14884408e96df7bb09ed1bad80c866aba27
Wed 03 Dec 2025 04:50:59 PM EST: Change detected: DELETE -> tmp_obj_6kmpi9
Wed 03 Dec 2025 04:51:00 PM EST: Change detected: CREATE,ISDIR -> b3
Wed 03 Dec 2025 04:51:01 PM EST: Change detected: MODIFY -> tmp_obj_tvXp0k
Wed 03 Dec 2025 04:51:03 PM EST: Change detected: CREATE -> ea8f0f37f6d1a7349bbd6b0919698f34c3b206
Wed 03 Dec 2025 04:51:04 PM EST: Change detected: DELETE -> tmp_obj_tvXp0k
Wed 03 Dec 2025 04:51:06 PM EST: Change detected: CREATE,ISDIR -> 05
Wed 03 Dec 2025 04:51:08 PM EST: Change detected: MODIFY -> tmp_obj_yVgOEl
Wed 03 Dec 2025 04:51:10 PM EST: Change detected: CREATE -> d96083520a173647ea7e094f3fbb8239b10f92
Wed 03 Dec 2025 04:51:11 PM EST: Change detected: DELETE -> tmp_obj_yVgOEl
Wed 03 Dec 2025 04:51:13 PM EST: Change detected: MODIFY -> index.lock
Wed 03 Dec 2025 04:51:14 PM EST: Change detected: MOVED_FROM -> index.lock
Wed 03 Dec 2025 04:51:16 PM EST: Change detected: MOVED_TO -> index
Wed 03 Dec 2025 04:51:17 PM EST: Change detected: MODIFY -> 28.png
Wed 03 Dec 2025 04:51:19 PM EST: Change detected: CREATE -> index.lock
Wed 03 Dec 2025 04:51:20 PM EST: Change detected: CREATE -> 27.png
Wed 03 Dec 2025 04:51:22 PM EST: Change detected: CREATE,ISDIR -> e3
Wed 03 Dec 2025 04:51:23 PM EST: Change detected: CREATE,ISDIR -> d1
Wed 03 Dec 2025 04:51:25 PM EST: Change detected: MODIFY -> index.lock
Wed 03 Dec 2025 04:51:26 PM EST: Change detected: MOVED_FROM -> index.lock
Wed 03 Dec 2025 04:51:27 PM EST: Change detected: MOVED_TO -> index
Wed 03 Dec 2025 04:51:29 PM EST: Change detected: MODIFY -> COMMIT_EDITMSG
Wed 03 Dec 2025 04:51:30 PM EST: Change detected: MODIFY -> COMMIT_EDITMSG
Wed 03 Dec 2025 04:51:31 PM EST: Change detected: MODIFY -> 27.png
Wed 03 Dec 2025 04:51:32 PM EST: Change detected: CREATE,ISDIR -> 18
